IQ-TREE multicore version 1.6.10 for Linux 64-bit built Feb 19 2019
Developed by Bui Quang Minh, Nguyen Lam Tung, Olga Chernomor,
Heiko Schmidt, Dominik Schrempf, Michael Woodhams.

Host:    globus (AVX, FMA3, 31 GB RAM)
Command: iqtree-omp -nt 2 -s strain_tree/highqual.Popgen6.nofixed.SNP.mfa -m GTR -bb 1000
Seed:    388776 (Using SPRNG - Scalable Parallel Random Number Generator)
Time:    Tue May 14 00:33:57 2019
Kernel:  AVX+FMA - 2 threads (32 CPU cores detected)

Reading alignment file strain_tree/highqual.Popgen6.nofixed.SNP.mfa ... Fasta format detected
Alignment most likely contains DNA/RNA sequences
Alignment has 128 sequences with 64897 columns, 44615 distinct patterns
64165 parsimony-informative, 732 singleton sites, 0 constant sites
              Gap/Ambiguity  Composition  p-value
   1  Af293-REF       0.00%    failed      0.00%
   2  08-12-12-13    20.68%    failed      0.01%
   3  08-19-02-10    19.98%    failed      0.07%
   4  08-19-02-30    12.71%    failed      0.16%
   5  08-19-02-46    17.24%    failed      0.00%
   6  08-19-02-61    17.61%    failed      0.00%
   7  08-31-08-91    17.15%    failed      0.00%
   8  08-36-03-25    15.21%    failed      0.00%
   9  10-01-02-27    14.95%    failed      0.00%
  10  12-7504462     12.13%    passed     11.55%
  11  12-7504652     20.00%    failed      0.81%
  12  12-7505054     19.27%    failed      0.60%
  13  12-7505220     11.81%    failed      0.00%
  14  12-7505446     16.82%    failed      0.00%
  15  1F1SW_F4       19.78%    failed      0.00%
  16  A1159-T0-2     20.44%    failed      0.76%
  17  A1159          20.46%    failed      0.79%
  18  A1163          14.83%    failed      0.12%
  19  AF210          19.56%    failed      0.00%
  20  AF293           0.55%    failed      0.00%
  21  AF41           20.27%    failed      0.00%
  22  AF72           20.43%    failed      0.00%
  23  AF90           17.91%    failed      0.05%
  24  ATCC_204305    20.49%    failed      0.00%
  25  Af293           0.58%    failed      0.00%
  26  Af65           10.37%    failed      0.00%
  27  Afu_1042-09    19.71%    failed      0.00%
  28  Afu_124-E11    19.45%    failed      0.00%
  29  Afu_166-E11    19.41%    failed      0.00%
  30  Afu_218-E11    19.56%    failed      0.00%
  31  Afu_257-E11    19.56%    failed      0.00%
  32  Afu_343-P-11   14.35%    failed      0.00%
  33  Afu_591-12     19.41%    failed      0.00%
  34  Afu_942-09     19.45%    failed      0.00%
  35  B5852          21.67%    failed      0.00%
  36  B5854          21.63%    failed      0.00%
  37  B5856          21.67%    failed      0.00%
  38  B5859          20.71%    failed      0.00%
  39  B5863          21.60%    failed      0.00%
  40  B5866          21.51%    failed      0.00%
  41  B5868          21.10%    failed      0.00%
  42  B6069          16.89%    failed      0.00%
  43  B6074          16.94%    failed      0.00%
  44  B6078          17.01%    failed      0.00%
  45  B6079          16.94%    failed      0.00%
  46  B6081          17.17%    failed      0.00%
  47  CEA10          15.42%    failed      0.04%
  48  CM237          12.45%    failed      0.04%
  49  CM2495         23.88%    failed      0.00%
  50  CM2730         18.39%    failed      0.00%
  51  CM2733         17.95%    failed      0.00%
  52  CM3248         18.24%    failed      0.00%
  53  CM3249         18.36%    failed      0.00%
  54  CM3249b        18.42%    failed      0.00%
  55  CM3720         18.40%    failed      0.00%
  56  CM4602         17.59%    failed      0.00%
  57  CM4946         17.45%    failed      0.00%
  58  CM5419         18.95%    failed      0.00%
  59  CM5757         16.11%    failed      0.00%
  60  CM6126         15.04%    failed      0.23%
  61  CM6458         15.77%    passed     25.33%
  62  CM7510         16.24%    failed      3.99%
  63  CM7555         14.24%    failed      0.02%
  64  CM7560         22.97%    failed      0.00%
  65  CM7570         18.33%    failed      0.00%
  66  CM7632          7.63%    failed      0.33%
  67  F11628         20.52%    failed      0.14%
  68  F12041         17.43%    failed      0.01%
  69  F12219         20.40%    failed      0.00%
  70  F12636         15.48%    failed      0.00%
  71  F12865         20.51%    failed      0.20%
  72  F13535         17.27%    failed      0.01%
  73  F13619         12.37%    failed      0.00%
  74  F13952         17.15%    failed      0.01%
  75  F14403         16.44%    failed      0.00%
  76  F14513G        16.91%    failed      0.01%
  77  F14532         15.42%    failed      0.00%
  78  F14946G        18.60%    failed      0.00%
  79  F15390         15.64%    failed      0.00%
  80  F15767         15.66%    failed      0.00%
  81  F16134         14.26%    failed      0.00%
  82  F16216         20.38%    failed      0.02%
  83  F16311         16.70%    failed      0.00%
  84  F17582         19.41%    failed      0.00%
  85  F17729         18.55%    failed      0.00%
  86  F17729W        18.87%    failed      0.00%
  87  F17764         20.30%    failed      0.00%
  88  F18085         16.79%    failed      0.00%
  89  F18149         15.03%    failed      0.00%
  90  F5211G         15.35%    failed      0.00%
  91  IFM_55369      17.02%    failed      0.05%
  92  IFM_58026      16.80%    failed      0.01%
  93  IFM_58029      21.33%    failed      0.00%
  94  IFM_59056      20.38%    failed      0.00%
  95  IFM_59073      16.47%    failed      0.05%
  96  IFM_59355-1    16.65%    failed      0.01%
  97  IFM_59355-2    16.64%    failed      0.02%
  98  IFM_59356-1    16.40%    failed      0.02%
  99  IFM_59356-2    17.40%    failed      0.00%
 100  IFM_59356-3    17.41%    failed      0.01%
 101  IFM_59359      14.77%    failed      0.00%
 102  IFM_59361-1    12.64%    passed     57.50%
 103  IFM_59361-2    12.59%    passed     76.73%
 104  IFM_59361      13.47%    passed     84.18%
 105  IFM_59777      16.62%    failed      4.71%
 106  IFM_60237      13.30%    passed     42.36%
 107  IFM_60514      19.73%    failed      0.00%
 108  IFM_61118      17.07%    failed      0.00%
 109  IFM_61407      16.46%    failed      0.00%
 110  IFM_61578      17.32%    failed      0.00%
 111  IFM_61610      20.34%    failed      0.00%
 112  IFM_62516      20.61%    passed     33.33%
 113  ISSF_21        15.62%    failed      2.49%
 114  MO54056EXP     12.74%    failed      0.01%
 115  MO68507EXP     11.45%    passed     74.99%
 116  MO69250EXP     16.18%    failed      0.00%
 117  MO76959EXP     15.80%    failed      0.00%
 118  MO78722EXP     15.34%    failed      0.05%
 119  MO79587EXP     16.23%    failed      0.00%
 120  MO89263LAB     15.82%    failed      0.00%
 121  MO91298SB      14.00%    failed      0.00%
 122  NCPF-7811      20.33%    failed      0.07%
 123  NCPF-7816      17.35%    failed      0.00%
 124  NCPF-7820      19.08%    failed      0.24%
 125  NCPF-7822      22.14%    failed      0.00%
 126  TP12            2.44%    failed      0.03%
 127  TP32           17.99%    failed      0.00%
 128  akuBKU80       15.22%    failed      0.00%
****  TOTAL          16.90%  120 sequences failed composition chi2 test (p-value<5%; df=3)

Create initial parsimony tree by phylogenetic likelihood library (PLL)... 4.079 seconds
Generating 1000 samples for ultrafast bootstrap (seed: 388776)...

NOTE: 355 MB RAM (0 GB) is required!
Estimate model parameters (epsilon = 0.100)
1. Initial log-likelihood: -1890492.631

******************************************************
CHECKPOINT: Resuming analysis from strain_tree/highqual.Popgen6.nofixed.SNP.mfa.ckp.gz

IQ-TREE multicore version 1.6.10 for Linux 64-bit built Feb 19 2019
Developed by Bui Quang Minh, Nguyen Lam Tung, Olga Chernomor,
Heiko Schmidt, Dominik Schrempf, Michael Woodhams.

Host:    i34 (AVX2, FMA3, 503 GB RAM)
Command: iqtree-omp -nt 8 -s strain_tree/highqual.Popgen6.nofixed.SNP.mfa -m GTR -bb 1000
Seed:    113451 (Using SPRNG - Scalable Parallel Random Number Generator)
Time:    Tue May 14 00:34:24 2019
Kernel:  AVX+FMA - 8 threads (64 CPU cores detected)

WARNING: Command-line argument `8` differs from checkpoint `2`
WARNING: Command-line differs from checkpoint!
Reading alignment file strain_tree/highqual.Popgen6.nofixed.SNP.mfa ... Fasta format detected
Alignment most likely contains DNA/RNA sequences
Alignment has 128 sequences with 64897 columns, 44615 distinct patterns
64165 parsimony-informative, 732 singleton sites, 0 constant sites
              Gap/Ambiguity  Composition  p-value
   1  Af293-REF       0.00%    failed      0.00%
   2  08-12-12-13    20.68%    failed      0.01%
   3  08-19-02-10    19.98%    failed      0.07%
   4  08-19-02-30    12.71%    failed      0.16%
   5  08-19-02-46    17.24%    failed      0.00%
   6  08-19-02-61    17.61%    failed      0.00%
   7  08-31-08-91    17.15%    failed      0.00%
   8  08-36-03-25    15.21%    failed      0.00%
   9  10-01-02-27    14.95%    failed      0.00%
  10  12-7504462     12.13%    passed     11.55%
  11  12-7504652     20.00%    failed      0.81%
  12  12-7505054     19.27%    failed      0.60%
  13  12-7505220     11.81%    failed      0.00%
  14  12-7505446     16.82%    failed      0.00%
  15  1F1SW_F4       19.78%    failed      0.00%
  16  A1159-T0-2     20.44%    failed      0.76%
  17  A1159          20.46%    failed      0.79%
  18  A1163          14.83%    failed      0.12%
  19  AF210          19.56%    failed      0.00%
  20  AF293           0.55%    failed      0.00%
  21  AF41           20.27%    failed      0.00%
  22  AF72           20.43%    failed      0.00%
  23  AF90           17.91%    failed      0.05%
  24  ATCC_204305    20.49%    failed      0.00%
  25  Af293           0.58%    failed      0.00%
  26  Af65           10.37%    failed      0.00%
  27  Afu_1042-09    19.71%    failed      0.00%
  28  Afu_124-E11    19.45%    failed      0.00%
  29  Afu_166-E11    19.41%    failed      0.00%
  30  Afu_218-E11    19.56%    failed      0.00%
  31  Afu_257-E11    19.56%    failed      0.00%
  32  Afu_343-P-11   14.35%    failed      0.00%
  33  Afu_591-12     19.41%    failed      0.00%
  34  Afu_942-09     19.45%    failed      0.00%
  35  B5852          21.67%    failed      0.00%
  36  B5854          21.63%    failed      0.00%
  37  B5856          21.67%    failed      0.00%
  38  B5859          20.71%    failed      0.00%
  39  B5863          21.60%    failed      0.00%
  40  B5866          21.51%    failed      0.00%
  41  B5868          21.10%    failed      0.00%
  42  B6069          16.89%    failed      0.00%
  43  B6074          16.94%    failed      0.00%
  44  B6078          17.01%    failed      0.00%
  45  B6079          16.94%    failed      0.00%
  46  B6081          17.17%    failed      0.00%
  47  CEA10          15.42%    failed      0.04%
  48  CM237          12.45%    failed      0.04%
  49  CM2495         23.88%    failed      0.00%
  50  CM2730         18.39%    failed      0.00%
  51  CM2733         17.95%    failed      0.00%
  52  CM3248         18.24%    failed      0.00%
  53  CM3249         18.36%    failed      0.00%
  54  CM3249b        18.42%    failed      0.00%
  55  CM3720         18.40%    failed      0.00%
  56  CM4602         17.59%    failed      0.00%
  57  CM4946         17.45%    failed      0.00%
  58  CM5419         18.95%    failed      0.00%
  59  CM5757         16.11%    failed      0.00%
  60  CM6126         15.04%    failed      0.23%
  61  CM6458         15.77%    passed     25.33%
  62  CM7510         16.24%    failed      3.99%
  63  CM7555         14.24%    failed      0.02%
  64  CM7560         22.97%    failed      0.00%
  65  CM7570         18.33%    failed      0.00%
  66  CM7632          7.63%    failed      0.33%
  67  F11628         20.52%    failed      0.14%
  68  F12041         17.43%    failed      0.01%
  69  F12219         20.40%    failed      0.00%
  70  F12636         15.48%    failed      0.00%
  71  F12865         20.51%    failed      0.20%
  72  F13535         17.27%    failed      0.01%
  73  F13619         12.37%    failed      0.00%
  74  F13952         17.15%    failed      0.01%
  75  F14403         16.44%    failed      0.00%
  76  F14513G        16.91%    failed      0.01%
  77  F14532         15.42%    failed      0.00%
  78  F14946G        18.60%    failed      0.00%
  79  F15390         15.64%    failed      0.00%
  80  F15767         15.66%    failed      0.00%
  81  F16134         14.26%    failed      0.00%
  82  F16216         20.38%    failed      0.02%
  83  F16311         16.70%    failed      0.00%
  84  F17582         19.41%    failed      0.00%
  85  F17729         18.55%    failed      0.00%
  86  F17729W        18.87%    failed      0.00%
  87  F17764         20.30%    failed      0.00%
  88  F18085         16.79%    failed      0.00%
  89  F18149         15.03%    failed      0.00%
  90  F5211G         15.35%    failed      0.00%
  91  IFM_55369      17.02%    failed      0.05%
  92  IFM_58026      16.80%    failed      0.01%
  93  IFM_58029      21.33%    failed      0.00%
  94  IFM_59056      20.38%    failed      0.00%
  95  IFM_59073      16.47%    failed      0.05%
  96  IFM_59355-1    16.65%    failed      0.01%
  97  IFM_59355-2    16.64%    failed      0.02%
  98  IFM_59356-1    16.40%    failed      0.02%
  99  IFM_59356-2    17.40%    failed      0.00%
 100  IFM_59356-3    17.41%    failed      0.01%
 101  IFM_59359      14.77%    failed      0.00%
 102  IFM_59361-1    12.64%    passed     57.50%
 103  IFM_59361-2    12.59%    passed     76.73%
 104  IFM_59361      13.47%    passed     84.18%
 105  IFM_59777      16.62%    failed      4.71%
 106  IFM_60237      13.30%    passed     42.36%
 107  IFM_60514      19.73%    failed      0.00%
 108  IFM_61118      17.07%    failed      0.00%
 109  IFM_61407      16.46%    failed      0.00%
 110  IFM_61578      17.32%    failed      0.00%
 111  IFM_61610      20.34%    failed      0.00%
 112  IFM_62516      20.61%    passed     33.33%
 113  ISSF_21        15.62%    failed      2.49%
 114  MO54056EXP     12.74%    failed      0.01%
 115  MO68507EXP     11.45%    passed     74.99%
 116  MO69250EXP     16.18%    failed      0.00%
 117  MO76959EXP     15.80%    failed      0.00%
 118  MO78722EXP     15.34%    failed      0.05%
 119  MO79587EXP     16.23%    failed      0.00%
 120  MO89263LAB     15.82%    failed      0.00%
 121  MO91298SB      14.00%    failed      0.00%
 122  NCPF-7811      20.33%    failed      0.07%
 123  NCPF-7816      17.35%    failed      0.00%
 124  NCPF-7820      19.08%    failed      0.24%
 125  NCPF-7822      22.14%    failed      0.00%
 126  TP12            2.44%    failed      0.03%
 127  TP32           17.99%    failed      0.00%
 128  akuBKU80       15.22%    failed      0.00%
****  TOTAL          16.90%  120 sequences failed composition chi2 test (p-value<5%; df=3)

CHECKPOINT: Initial tree restored
Generating 1000 samples for ultrafast bootstrap (seed: 113451)...

NOTE: 355 MB RAM (0 GB) is required!
Estimate model parameters (epsilon = 0.100)
1. Initial log-likelihood: -1890492.631
2. Current log-likelihood: -1741099.822
3. Current log-likelihood: -1740883.545
Optimal log-likelihood: -1740883.500
Rate parameters:  A-C: 1.00191  A-G: 4.96959  A-T: 0.94853  C-G: 0.79837  C-T: 4.90828  G-T: 1.00000
Base frequencies:  A: 0.238  C: 0.261  G: 0.260  T: 0.241
Parameters optimization took 3 rounds (9.535 sec)
Computing ML distances based on estimated model parameters... 34.926 sec
Computing BIONJ tree...
0.023 seconds
Log-likelihood of BIONJ tree: -1772749.466
--------------------------------------------------------------------
|             INITIALIZING CANDIDATE TREE SET                      |
--------------------------------------------------------------------
Generating 98 parsimony trees... 
******************************************************
CHECKPOINT: Resuming analysis from strain_tree/highqual.Popgen6.nofixed.SNP.mfa.ckp.gz

IQ-TREE multicore version 1.6.10 for Linux 64-bit built Feb 19 2019
Developed by Bui Quang Minh, Nguyen Lam Tung, Olga Chernomor,
Heiko Schmidt, Dominik Schrempf, Michael Woodhams.

Host:    i35 (AVX2, FMA3, 503 GB RAM)
Command: iqtree-omp -nt 8 -s strain_tree/highqual.Popgen6.nofixed.SNP.mfa -m GTR -bb 1000
Seed:    763578 (Using SPRNG - Scalable Parallel Random Number Generator)
Time:    Tue May 14 00:37:14 2019
Kernel:  AVX+FMA - 8 threads (64 CPU cores detected)

Reading alignment file strain_tree/highqual.Popgen6.nofixed.SNP.mfa ... Fasta format detected
Alignment most likely contains DNA/RNA sequences
Alignment has 128 sequences with 64897 columns, 44615 distinct patterns
64165 parsimony-informative, 732 singleton sites, 0 constant sites
              Gap/Ambiguity  Composition  p-value
   1  Af293-REF       0.00%    failed      0.00%
   2  08-12-12-13    20.68%    failed      0.01%
   3  08-19-02-10    19.98%    failed      0.07%
   4  08-19-02-30    12.71%    failed      0.16%
   5  08-19-02-46    17.24%    failed      0.00%
   6  08-19-02-61    17.61%    failed      0.00%
   7  08-31-08-91    17.15%    failed      0.00%
   8  08-36-03-25    15.21%    failed      0.00%
   9  10-01-02-27    14.95%    failed      0.00%
  10  12-7504462     12.13%    passed     11.55%
  11  12-7504652     20.00%    failed      0.81%
  12  12-7505054     19.27%    failed      0.60%
  13  12-7505220     11.81%    failed      0.00%
  14  12-7505446     16.82%    failed      0.00%
  15  1F1SW_F4       19.78%    failed      0.00%
  16  A1159-T0-2     20.44%    failed      0.76%
  17  A1159          20.46%    failed      0.79%
  18  A1163          14.83%    failed      0.12%
  19  AF210          19.56%    failed      0.00%
  20  AF293           0.55%    failed      0.00%
  21  AF41           20.27%    failed      0.00%
  22  AF72           20.43%    failed      0.00%
  23  AF90           17.91%    failed      0.05%
  24  ATCC_204305    20.49%    failed      0.00%
  25  Af293           0.58%    failed      0.00%
  26  Af65           10.37%    failed      0.00%
  27  Afu_1042-09    19.71%    failed      0.00%
  28  Afu_124-E11    19.45%    failed      0.00%
  29  Afu_166-E11    19.41%    failed      0.00%
  30  Afu_218-E11    19.56%    failed      0.00%
  31  Afu_257-E11    19.56%    failed      0.00%
  32  Afu_343-P-11   14.35%    failed      0.00%
  33  Afu_591-12     19.41%    failed      0.00%
  34  Afu_942-09     19.45%    failed      0.00%
  35  B5852          21.67%    failed      0.00%
  36  B5854          21.63%    failed      0.00%
  37  B5856          21.67%    failed      0.00%
  38  B5859          20.71%    failed      0.00%
  39  B5863          21.60%    failed      0.00%
  40  B5866          21.51%    failed      0.00%
  41  B5868          21.10%    failed      0.00%
  42  B6069          16.89%    failed      0.00%
  43  B6074          16.94%    failed      0.00%
  44  B6078          17.01%    failed      0.00%
  45  B6079          16.94%    failed      0.00%
  46  B6081          17.17%    failed      0.00%
  47  CEA10          15.42%    failed      0.04%
  48  CM237          12.45%    failed      0.04%
  49  CM2495         23.88%    failed      0.00%
  50  CM2730         18.39%    failed      0.00%
  51  CM2733         17.95%    failed      0.00%
  52  CM3248         18.24%    failed      0.00%
  53  CM3249         18.36%    failed      0.00%
  54  CM3249b        18.42%    failed      0.00%
  55  CM3720         18.40%    failed      0.00%
  56  CM4602         17.59%    failed      0.00%
  57  CM4946         17.45%    failed      0.00%
  58  CM5419         18.95%    failed      0.00%
  59  CM5757         16.11%    failed      0.00%
  60  CM6126         15.04%    failed      0.23%
  61  CM6458         15.77%    passed     25.33%
  62  CM7510         16.24%    failed      3.99%
  63  CM7555         14.24%    failed      0.02%
  64  CM7560         22.97%    failed      0.00%
  65  CM7570         18.33%    failed      0.00%
  66  CM7632          7.63%    failed      0.33%
  67  F11628         20.52%    failed      0.14%
  68  F12041         17.43%    failed      0.01%
  69  F12219         20.40%    failed      0.00%
  70  F12636         15.48%    failed      0.00%
  71  F12865         20.51%    failed      0.20%
  72  F13535         17.27%    failed      0.01%
  73  F13619         12.37%    failed      0.00%
  74  F13952         17.15%    failed      0.01%
  75  F14403         16.44%    failed      0.00%
  76  F14513G        16.91%    failed      0.01%
  77  F14532         15.42%    failed      0.00%
  78  F14946G        18.60%    failed      0.00%
  79  F15390         15.64%    failed      0.00%
  80  F15767         15.66%    failed      0.00%
  81  F16134         14.26%    failed      0.00%
  82  F16216         20.38%    failed      0.02%
  83  F16311         16.70%    failed      0.00%
  84  F17582         19.41%    failed      0.00%
  85  F17729         18.55%    failed      0.00%
  86  F17729W        18.87%    failed      0.00%
  87  F17764         20.30%    failed      0.00%
  88  F18085         16.79%    failed      0.00%
  89  F18149         15.03%    failed      0.00%
  90  F5211G         15.35%    failed      0.00%
  91  IFM_55369      17.02%    failed      0.05%
  92  IFM_58026      16.80%    failed      0.01%
  93  IFM_58029      21.33%    failed      0.00%
  94  IFM_59056      20.38%    failed      0.00%
  95  IFM_59073      16.47%    failed      0.05%
  96  IFM_59355-1    16.65%    failed      0.01%
  97  IFM_59355-2    16.64%    failed      0.02%
  98  IFM_59356-1    16.40%    failed      0.02%
  99  IFM_59356-2    17.40%    failed      0.00%
 100  IFM_59356-3    17.41%    failed      0.01%
 101  IFM_59359      14.77%    failed      0.00%
 102  IFM_59361-1    12.64%    passed     57.50%
 103  IFM_59361-2    12.59%    passed     76.73%
 104  IFM_59361      13.47%    passed     84.18%
 105  IFM_59777      16.62%    failed      4.71%
 106  IFM_60237      13.30%    passed     42.36%
 107  IFM_60514      19.73%    failed      0.00%
 108  IFM_61118      17.07%    failed      0.00%
 109  IFM_61407      16.46%    failed      0.00%
 110  IFM_61578      17.32%    failed      0.00%
 111  IFM_61610      20.34%    failed      0.00%
 112  IFM_62516      20.61%    passed     33.33%
 113  ISSF_21        15.62%    failed      2.49%
 114  MO54056EXP     12.74%    failed      0.01%
 115  MO68507EXP     11.45%    passed     74.99%
 116  MO69250EXP     16.18%    failed      0.00%
 117  MO76959EXP     15.80%    failed      0.00%
 118  MO78722EXP     15.34%    failed      0.05%
 119  MO79587EXP     16.23%    failed      0.00%
 120  MO89263LAB     15.82%    failed      0.00%
 121  MO91298SB      14.00%    failed      0.00%
 122  NCPF-7811      20.33%    failed      0.07%
 123  NCPF-7816      17.35%    failed      0.00%
 124  NCPF-7820      19.08%    failed      0.24%
 125  NCPF-7822      22.14%    failed      0.00%
 126  TP12            2.44%    failed      0.03%
 127  TP32           17.99%    failed      0.00%
 128  akuBKU80       15.22%    failed      0.00%
****  TOTAL          16.90%  120 sequences failed composition chi2 test (p-value<5%; df=3)

CHECKPOINT: Initial tree restored
Generating 1000 samples for ultrafast bootstrap (seed: 763578)...

NOTE: 355 MB RAM (0 GB) is required!
CHECKPOINT: Model parameters restored, LogL: -1740883.500
Computing ML distances based on estimated model parameters... 18.787 sec
Computing BIONJ tree...
0.017 seconds
Log-likelihood of BIONJ tree: -1772749.466
--------------------------------------------------------------------
|             INITIALIZING CANDIDATE TREE SET                      |
--------------------------------------------------------------------
Generating 98 parsimony trees... 137.273 second
Computing log-likelihood of 98 initial trees ... 32.745 seconds
Current best score: -1736747.040

Do NNI search on 20 best initial trees
Estimate model parameters (epsilon = 0.100)
BETTER TREE FOUND at iteration 1: -1736289.261
Estimate model parameters (epsilon = 0.100)
BETTER TREE FOUND at iteration 2: -1736284.665
Estimate model parameters (epsilon = 0.100)
BETTER TREE FOUND at iteration 3: -1736159.173
Estimate model parameters (epsilon = 0.100)
BETTER TREE FOUND at iteration 6: -1735768.908
Iteration 10 / LogL: -1736930.495 / Time: 0h:3m:40s
Iteration 20 / LogL: -1737174.174 / Time: 0h:4m:21s
Finish initializing candidate tree set (20)
Current best tree score: -1735768.908 / CPU time: 256.942
Number of iterations: 20
--------------------------------------------------------------------
|               OPTIMIZING CANDIDATE TREE SET                      |
--------------------------------------------------------------------
Estimate model parameters (epsilon = 0.100)
BETTER TREE FOUND at iteration 27: -1735759.529
Iteration 30 / LogL: -1735977.691 / Time: 0h:5m:0s (0h:16m:45s left)
Estimate model parameters (epsilon = 0.100)
BETTER TREE FOUND at iteration 31: -1735503.321
Iteration 40 / LogL: -1735543.732 / Time: 0h:5m:36s (0h:13m:6s left)
Estimate model parameters (epsilon = 0.100)
BETTER TREE FOUND at iteration 49: -1735381.215
Iteration 50 / LogL: -1735453.195 / Time: 0h:6m:12s (0h:12m:31s left)
Log-likelihood cutoff on original alignment: -1736947.102
Iteration 60 / LogL: -1736149.397 / Time: 0h:6m:43s (0h:10m:8s left)
Iteration 70 / LogL: -1739764.241 / Time: 0h:7m:14s (0h:8m:17s left)
Iteration 80 / LogL: -1735446.863 / Time: 0h:7m:47s (0h:6m:48s left)
Estimate model parameters (epsilon = 0.100)
BETTER TREE FOUND at iteration 83: -1735372.009
Estimate model parameters (epsilon = 0.100)
BETTER TREE FOUND at iteration 88: -1735366.008
Iteration 90 / LogL: -1735613.941 / Time: 0h:8m:23s (0h:9m:14s left)
Iteration 100 / LogL: -1736085.574 / Time: 0h:8m:59s (0h:7m:59s left)
Log-likelihood cutoff on original alignment: -1736947.102
NOTE: Bootstrap correlation coefficient of split occurrence frequencies: 0.988
NOTE: UFBoot does not converge, continue at least 100 more iterations
Iteration 110 / LogL: -1736401.068 / Time: 0h:9m:33s (0h:7m:53s left)
Iteration 120 / LogL: -1735591.846 / Time: 0h:10m:4s (0h:6m:46s left)
Iteration 130 / LogL: -1735692.985 / Time: 0h:10m:38s (0h:5m:46s left)
Iteration 140 / LogL: -1737140.861 / Time: 0h:11m:11s (0h:4m:49s left)
Estimate model parameters (epsilon = 0.100)
BETTER TREE FOUND at iteration 148: -1735313.008
Iteration 150 / LogL: -1735340.275 / Time: 0h:11m:45s (0h:7m:43s left)
Log-likelihood cutoff on original alignment: -1736947.102
Iteration 160 / LogL: -1736034.021 / Time: 0h:12m:20s (0h:6m:50s left)
Iteration 170 / LogL: -1735467.878 / Time: 0h:12m:55s (0h:5m:57s left)
Estimate model parameters (epsilon = 0.100)
BETTER TREE FOUND at iteration 180: -1735306.876
Iteration 180 / LogL: -1735306.876 / Time: 0h:13m:28s (0h:7m:31s left)
Iteration 190 / LogL: -1735686.581 / Time: 0h:14m:3s (0h:6m:41s left)
Iteration 200 / LogL: -1737406.065 / Time: 0h:14m:38s (0h:5m:53s left)
Log-likelihood cutoff on original alignment: -1736947.102
NOTE: Bootstrap correlation coefficient of split occurrence frequencies: 0.991
Iteration 210 / LogL: -1737153.924 / Time: 0h:15m:13s (0h:6m:33s left)
Estimate model parameters (epsilon = 0.100)
BETTER TREE FOUND at iteration 212: -1735302.079
Iteration 220 / LogL: -1735561.102 / Time: 0h:15m:47s (0h:6m:38s left)
Estimate model parameters (epsilon = 0.100)
BETTER TREE FOUND at iteration 230: -1735296.409
Iteration 230 / LogL: -1735296.409 / Time: 0h:16m:20s (0h:7m:8s left)
Iteration 240 / LogL: -1735415.377 / Time: 0h:16m:52s (0h:6m:21s left)
Iteration 250 / LogL: -1739777.581 / Time: 0h:17m:25s (0h:5m:35s left)
Log-likelihood cutoff on original alignment: -1736947.102
Iteration 260 / LogL: -1735318.000 / Time: 0h:17m:58s (0h:4m:51s left)
Iteration 270 / LogL: -1735664.751 / Time: 0h:18m:29s (0h:4m:7s left)
Iteration 280 / LogL: -1735915.704 / Time: 0h:19m:0s (0h:3m:24s left)
Iteration 290 / LogL: -1735314.766 / Time: 0h:19m:34s (0h:2m:42s left)
Iteration 300 / LogL: -1735353.522 / Time: 0h:20m:8s (0h:2m:1s left)
Log-likelihood cutoff on original alignment: -1736947.102
NOTE: Bootstrap correlation coefficient of split occurrence frequencies: 0.992
Iteration 310 / LogL: -1736397.089 / Time: 0h:20m:39s (0h:6m:1s left)
Iteration 320 / LogL: -1735418.382 / Time: 0h:21m:14s (0h:5m:19s left)
Iteration 330 / LogL: -1736091.167 / Time: 0h:21m:48s (0h:4m:38s left)
TREE SEARCH COMPLETED AFTER 331 ITERATIONS / Time: 0h:21m:52s

--------------------------------------------------------------------
|                    FINALIZING TREE SEARCH                        |
--------------------------------------------------------------------
Performs final model parameters optimization
Estimate model parameters (epsilon = 0.010)
1. Initial log-likelihood: -1735296.409
Optimal log-likelihood: -1735296.407
Rate parameters:  A-C: 0.99629  A-G: 4.98617  A-T: 0.94563  C-G: 0.79716  C-T: 4.92522  G-T: 1.00000
Base frequencies:  A: 0.238  C: 0.261  G: 0.260  T: 0.241
Parameters optimization took 1 rounds (0.896 sec)
BEST SCORE FOUND : -1735296.407
Creating bootstrap support values...
Split supports printed to NEXUS file strain_tree/highqual.Popgen6.nofixed.SNP.mfa.splits.nex
Total tree length: 7.144

Total number of iterations: 331
CPU time used for tree search: 9388.799 sec (2h:36m:28s)
Wall-clock time used for tree search: 1307.835 sec (0h:21m:47s)
Total CPU time used: 9426.209 sec (2h:37m:6s)
Total wall-clock time used: 1314.223 sec (0h:21m:54s)

Computing bootstrap consensus tree...
Reading input file strain_tree/highqual.Popgen6.nofixed.SNP.mfa.splits.nex...
128 taxa and 446 splits.
Consensus tree written to strain_tree/highqual.Popgen6.nofixed.SNP.mfa.contree
Reading input trees file strain_tree/highqual.Popgen6.nofixed.SNP.mfa.contree
Log-likelihood of consensus tree: -1735289.893

Analysis results written to: 
  IQ-TREE report:                strain_tree/highqual.Popgen6.nofixed.SNP.mfa.iqtree
  Maximum-likelihood tree:       strain_tree/highqual.Popgen6.nofixed.SNP.mfa.treefile
  Likelihood distances:          strain_tree/highqual.Popgen6.nofixed.SNP.mfa.mldist

Ultrafast bootstrap approximation results written to:
  Split support values:          strain_tree/highqual.Popgen6.nofixed.SNP.mfa.splits.nex
  Consensus tree:                strain_tree/highqual.Popgen6.nofixed.SNP.mfa.contree
  Screen log file:               strain_tree/highqual.Popgen6.nofixed.SNP.mfa.log

Date and Time: Tue May 14 00:59:11 2019
